Determining if the pthread_create exist failed with the following output:
Change Dir: /home/basti/Desktop/jetson-tutorials/classification/build/CMakeFiles/CMakeTmp

Run Build Command:"/usr/bin/make" "cmTC_5195d/fast"
/usr/bin/make -f CMakeFiles/cmTC_5195d.dir/build.make CMakeFiles/cmTC_5195d.dir/build
make[1]: Entering directory '/home/basti/Desktop/jetson-tutorials/classification/build/CMakeFiles/CMakeTmp'
Building C object CMakeFiles/cmTC_5195d.dir/CheckSymbolExists.c.o
/usr/bin/cc   -fPIC    -o CMakeFiles/cmTC_5195d.dir/CheckSymbolExists.c.o   -c /home/basti/Desktop/jetson-tutorials/classification/build/CMakeFiles/CMakeTmp/CheckSymbolExists.c
Linking C executable cmTC_5195d
/usr/bin/cmake -E cmake_link_script CMakeFiles/cmTC_5195d.dir/link.txt --verbose=1
/usr/bin/cc -fPIC     -rdynamic CMakeFiles/cmTC_5195d.dir/CheckSymbolExists.c.o  -o cmTC_5195d 
CMakeFiles/cmTC_5195d.dir/CheckSymbolExists.c.o: In function `main':
CheckSymbolExists.c:(.text+0x14): undefined reference to `pthread_create'
CheckSymbolExists.c:(.text+0x18): undefined reference to `pthread_create'
collect2: error: ld returned 1 exit status
CMakeFiles/cmTC_5195d.dir/build.make:97: recipe for target 'cmTC_5195d' failed
make[1]: *** [cmTC_5195d] Error 1
make[1]: Leaving directory '/home/basti/Desktop/jetson-tutorials/classification/build/CMakeFiles/CMakeTmp'
Makefile:126: recipe for target 'cmTC_5195d/fast' failed
make: *** [cmTC_5195d/fast] Error 2

File /home/basti/Desktop/jetson-tutorials/classification/build/CMakeFiles/CMakeTmp/CheckSymbolExists.c:
/* */
#include <pthread.h>

int main(int argc, char** argv)
{
  (void)argv;
#ifndef pthread_create
  return ((int*)(&pthread_create))[argc];
#else
  (void)argc;
  return 0;
#endif
}

Determining if the function pthread_create exists in the pthreads failed with the following output:
Change Dir: /home/basti/Desktop/jetson-tutorials/classification/build/CMakeFiles/CMakeTmp

Run Build Command:"/usr/bin/make" "cmTC_487a0/fast"
/usr/bin/make -f CMakeFiles/cmTC_487a0.dir/build.make CMakeFiles/cmTC_487a0.dir/build
make[1]: Entering directory '/home/basti/Desktop/jetson-tutorials/classification/build/CMakeFiles/CMakeTmp'
Building C object CMakeFiles/cmTC_487a0.dir/CheckFunctionExists.c.o
/usr/bin/cc   -fPIC -DCHECK_FUNCTION_EXISTS=pthread_create   -o CMakeFiles/cmTC_487a0.dir/CheckFunctionExists.c.o   -c /usr/share/cmake-3.10/Modules/CheckFunctionExists.c
Linking C executable cmTC_487a0
/usr/bin/cmake -E cmake_link_script CMakeFiles/cmTC_487a0.dir/link.txt --verbose=1
/usr/bin/cc -fPIC -DCHECK_FUNCTION_EXISTS=pthread_create    -rdynamic CMakeFiles/cmTC_487a0.dir/CheckFunctionExists.c.o  -o cmTC_487a0 -lpthreads 
/usr/bin/ld: cannot find -lpthreads
collect2: error: ld returned 1 exit status
CMakeFiles/cmTC_487a0.dir/build.make:97: recipe for target 'cmTC_487a0' failed
make[1]: *** [cmTC_487a0] Error 1
make[1]: Leaving directory '/home/basti/Desktop/jetson-tutorials/classification/build/CMakeFiles/CMakeTmp'
Makefile:126: recipe for target 'cmTC_487a0/fast' failed
make: *** [cmTC_487a0/fast] Error 2


